<?xml version="1.0" encoding="UTF-8"?>
<!-- Generated by org.testng.reporters.JUnitReportReporter -->
<testsuite hostname="LAPTOP-7C2VGFP1" failures="0" tests="1" name="Rest_assured_HTTP_Requests.HTTP_Request" time="2.138" errors="0" timestamp="2025-03-12T11:27:23 IST" skipped="0">
  <testcase classname="Rest_assured_HTTP_Requests.HTTP_Request" name="post_Using_External_Json_File" time="2.138"/>
</testsuite> <!-- Rest_assured_HTTP_Requests.HTTP_Request -->
