<?xml version="1.0" encoding="UTF-8"?>
<!-- Generated by org.testng.reporters.JUnitReportReporter -->
<testsuite hostname="LAPTOP-7C2VGFP1" failures="0" tests="1" name="api.tests.OtherTests" time="7.599" errors="0" timestamp="2025-03-13T01:30:00 IST" skipped="0">
  <testcase classname="api.tests.OtherTests" name="testPostUser" time="7.599"/>
</testsuite> <!-- api.tests.OtherTests -->
