<?xml version="1.0" encoding="UTF-8"?>
<!-- Generated by org.testng.reporters.JUnitReportReporter -->
<testsuite hostname="LAPTOP-7C2VGFP1" failures="0" tests="1" name="api.tests.FirstAPI_TestCases" time="2.974" errors="0" timestamp="2025-03-13T11:11:29 IST" skipped="0">
  <testcase classname="api.tests.FirstAPI_TestCases" name="testPostUser" time="2.974"/>
</testsuite> <!-- api.tests.FirstAPI_TestCases -->
