<?xml version="1.0" encoding="UTF-8"?>
<!-- Generated by org.testng.reporters.JUnitReportReporter -->
<testsuite hostname="LAPTOP-7C2VGFP1" failures="0" tests="1" name="api.tests.OtherTests" time="4.561" errors="0" timestamp="2025-03-13T11:11:29 IST" skipped="0">
  <testcase classname="api.tests.OtherTests" name="testPostUser" time="4.561"/>
</testsuite> <!-- api.tests.OtherTests -->
